<?xml version="1.0" encoding="UTF-8"?>
<!-- Generated by org.testng.reporters.JUnitReportReporter -->
<testsuite skipped="0" hostname="LAPTOP-A003P5EU" name="joinassembly.LoginPageValidation" tests="2" failures="0" timestamp="29 Jun 2020 05:53:11 GMT" time="18.940" errors="0">
  <testcase name="validateLogin" time="9.485" classname="joinassembly.LoginPageValidation"/>
  <testcase name="validateLogin" time="9.455" classname="joinassembly.LoginPageValidation"/>
</testsuite> <!-- joinassembly.LoginPageValidation -->
